hrn/build/outputs/mapping/release/seeds.txt
com.google.android.gms.common.zzc$zzar
com.google.android.gms.common.zzc$zzar: com.google.android.gms.common.zzc$zza[] zzaed
com.google.android.gms.common.zzc$zzar: void <clinit>()
com.google.android.gms.common.zzc$zzar$1
com.google.android.gms.common.zzc$zzar$1: zzc$zzar$1(byte[])
com.google.android.gms.common.zzc$zzar$1: byte[] zzou()
com.google.android.gms.common.zzc$zzar$2
com.google.android.gms.common.zzc$zzar$2: zzc$zzar$2(byte[])
com.google.android.gms.common.zzc$zzar$2: byte[] zzou()
com.google.android.gms.common.zzc$zzas
com.google.android.gms.common.zzc$zzas: com.google.android.gms.common.zzc$zza[] zzaed
com.google.android.gms.common.zzc$zzas: void <clinit>()
com.google.android.gms.common.zzc$zzas$1
com.google.android.gms.common.zzc$zzas$1: zzc$zzas$1(byte[])
com.google.android.gms.common.zzc$zzas$1: byte[] zzou()
com.google.android.gms.common.zzc$zzas$2
com.google.android.gms.common.zzc$zzas$2: zzc$zzas$2(byte[])
com.google.android.gms.common.zzc$zzas$2: byte[] zzou()
com.google.android.gms.common.zzc$zzat
com.google.android.gms.common.zzc$zzat: com.google.android.gms.common.zzc$zza[] zzaed
com.google.android.gms.common.zzc$zzat: void <clinit>()
com.google.android.gms.common.zzc$zzat$1
com.google.android.gms.common.zzc$zzat$1: zzc$zzat$1(byte[])
com.google.android.gms.common.zzc$zzat$1: byte[] zzou()
com.google.android.gms.common.zzc$zzat$2
com.google.android.gms.common.zzc$zzat$2: zzc$zzat$2(byte[])
com.google.android.gms.common.zzc$zzat$2: byte[] zzou()
com.google.android.gms.common.zzc$zzau
com.google.android.gms.common.zzc$zzau: com.google.android.gms.common.zzc$zza[] zzaed
com.google.android.gms.common.zzc$zzau: void <clinit>()
com.google.android.gms.common.zzc$zzau$1
com.google.android.gms.common.zzc$zzau$1: zzc$zzau$1(byte[])
com.google.android.gms.common.zzc$zzau$1: byte[] zzou()
com.google.android.gms.common.zzc$zzau$2
com.google.android.gms.common.zzc$zzau$2: zzc$zzau$2(byte[])
com.google.android.gms.common.zzc$zzau$2: byte[] zzou()
com.google.android.gms.common.zzc$zzav
com.google.android.gms.common.zzc$zzav: com.google.android.gms.common.zzc$zza[] zzaed
com.google.android.gms.common.zzc$zzav: void <clinit>()
com.google.android.gms.common.zzc$zzav$1
com.google.android.gms.common.zzc$zzav$1: zzc$zzav$1(byte[])
com.google.android.gms.common.zzc$zzav$1: byte[] zzou()
com.google.android.gms.common.zzc$zzav$2
com.google.android.gms.common.zzc$zzav$2: zzc$zzav$2(byte[])
com.google.android.gms.common.zzc$zzav$2: byte[] zzou()
com.google.android.gms.common.zzc$zzaw
com.google.android.gms.common.zzc$zzaw: com.google.android.gms.common.zzc$zza[] zzaed
com.google.android.gms.common.zzc$zzaw: void <clinit>()
com.google.android.gms.common.zzc$zzaw$1
com.google.android.gms.common.zzc$zzaw$1: zzc$zzaw$1(byte[])
com.google.android.gms.common.zzc$zzaw$1: byte[] zzou()
com.google.android.gms.common.zzc$zzaw$2
com.google.android.gms.common.zzc$zzaw$2: zzc$zzaw$2(byte[])
com.google.android.gms.common.zzc$zzaw$2: byte[] zzou()
com.google.android.gms.common.zzc$zzax
com.google.android.gms.common.zzc$zzax: com.google.android.gms.common.zzc$zza[] zzaed
com.google.android.gms.common.zzc$zzax: void <clinit>()
com.google.android.gms.common.zzc$zzax$1
com.google.android.gms.common.zzc$zzax$1: zzc$zzax$1(byte[])
com.google.android.gms.common.zzc$zzax$1: byte[] zzou()
com.google.android.gms.common.zzc$zzax$2
com.google.android.gms.common.zzc$zzax$2: zzc$zzax$2(byte[])
com.google.android.gms.common.zzc$zzax$2: byte[] zzou()
com.google.android.gms.common.zzc$zzay
com.google.android.gms.common.zzc$zzay: com.google.android.gms.common.zzc$zza[] zzaed
com.google.android.gms.common.zzc$zzay: void <clinit>()
com.google.android.gms.common.zzc$zzay$1
com.google.android.gms.common.zzc$zzay$1: zzc$zzay$1(byte[])
com.google.android.gms.common.zzc$zzay$1: byte[] zzou()
com.google.android.gms.common.zzc$zzay$2
com.google.android.gms.common.zzc$zzay$2: zzc$zzay$2(byte[])
com.google.android.gms.common.zzc$zzay$2: byte[] zzou()