hrn/build/outputs/mapping/release/mapping.txt
com.google.android.gms.common.zzc$zzco -> com.google.android.gms.common.zzc$zzco:
    com.google.android.gms.common.zzc$zza[] zzaed -> zzaed
    void <clinit>() -> <clinit>
com.google.android.gms.common.zzc$zzco$1 -> com.google.android.gms.common.zzc$zzco$1:
    void <init>(byte[]) -> <init>
    byte[] zzou() -> zzou
com.google.android.gms.common.zzc$zzco$2 -> com.google.android.gms.common.zzc$zzco$2:
    void <init>(byte[]) -> <init>
    byte[] zzou() -> zzou
com.google.android.gms.common.zzc$zzcp -> com.google.android.gms.common.zzc$zzcp:
    com.google.android.gms.common.zzc$zza[] zzaed -> zzaed
    void <clinit>() -> <clinit>
com.google.android.gms.common.zzc$zzcp$1 -> com.google.android.gms.common.zzc$zzcp$1:
    void <init>(byte[]) -> <init>
    byte[] zzou() -> zzou
com.google.android.gms.common.zzc$zzcp$2 -> com.google.android.gms.common.zzc$zzcp$2:
    void <init>(byte[]) -> <init>
    byte[] zzou() -> zzou
com.google.android.gms.common.zzc$zzcp$3 -> com.google.android.gms.common.zzc$zzcp$3:
    void <init>(byte[]) -> <init>
    byte[] zzou() -> zzou
com.google.android.gms.common.zzc$zzcq -> com.google.android.gms.common.zzc$zzcq:
    com.google.android.gms.common.zzc$zza[] zzaed -> zzaed
    void <clinit>() -> <clinit>
com.google.android.gms.common.zzc$zzcq$1 -> com.google.android.gms.common.zzc$zzcq$1:
    void <init>(byte[]) -> <init>
    byte[] zzou() -> zzou
com.google.android.gms.common.zzc$zzcq$2 -> com.google.android.gms.common.zzc$zzcq$2:
    void <init>(byte[]) -> <init>
    byte[] zzou() -> zzou
com.google.android.gms.common.zzc$zzcr -> com.google.android.gms.common.zzc$zzcr:
    com.google.android.gms.common.zzc$zza[] zzaed -> zzaed
    void <clinit>() -> <clinit>
com.google.android.gms.common.zzc$zzcr$1 -> com.google.android.gms.common.zzc$zzcr$1:
    void <init>(byte[]) -> <init>
    byte[] zzou() -> zzou
com.google.android.gms.common.zzc$zzcr$2 -> com.google.android.gms.common.zzc$zzcr$2:
    void <init>(byte[]) -> <init>
    byte[] zzou() -> zzou
com.google.android.gms.common.zzc$zzcs -> com.google.android.gms.common.zzc$zzcs:
    com.google.android.gms.common.zzc$zza[] zzaed -> zzaed
    void <clinit>() -> <clinit>
com.google.android.gms.common.zzc$zzcs$1 -> com.google.android.gms.common.zzc$zzcs$1:
    void <init>(byte[]) -> <init>
    byte[] zzou() -> zzou
com.google.android.gms.common.zzc$zzcs$2 -> com.google.android.gms.common.zzc$zzcs$2:
    void <init>(byte[]) -> <init>
    byte[] zzou() -> zzou
com.google.android.gms.common.zzc$zzct -> com.google.android.gms.common.zzc$zzct:
    com.google.android.gms.common.zzc$zza[] zzaed -> zzaed
    void <clinit>() -> <clinit>
com.google.android.gms.common.zzc$zzct$1 -> com.google.android.gms.common.zzc$zzct$1:
    void <init>(byte[]) -> <init>
    byte[] zzou() -> zzou
com.google.android.gms.common.zzc$zzct$2 -> com.google.android.gms.common.zzc$zzct$2:
    void <init>(byte[]) -> <init>
    byte[] zzou() -> zzou
com.google.android.gms.common.zzc$zzcu -> com.google.android.gms.common.zzc$zzcu:
    com.google.android.gms.common.zzc$zza[] zzaed -> zzaed
    void <clinit>() -> <clinit>
com.google.android.gms.common.zzc$zzcu$1 -> com.google.android.gms.common.zzc$zzcu$1:
    void <init>(byte[]) -> <init>
    byte[] zzou() -> zzou
com.google.android.gms.common.zzc$zzcv -> com.google.android.gms.common.zzc$zzcv:
    com.google.android.gms.common.zzc$zza[] zzaed -> zzaed
    void <clinit>() -> <clinit>
com.google.android.gms.common.zzc$zzcv$1 -> com.google.android.gms.common.zzc$zzcv$1:
    void <init>(byte[]) -> <init>
    byte[] zzou() -> zzou
com.google.android.gms.common.zzc$zzcv$2 -> com.google.android.gms.common.zzc$zzcv$2:
    void <init>(byte[]) -> <init>
    byte[] zzou() -> zzou
com.google.android.gms.common.zzc$zzcw -> com.google.android.gms.common.zzc$zzcw:
    com.google.android.gms.common.zzc$zza[] zzaed -> zzaed
    void <clinit>() -> <clinit>