hrn/build/outputs/mapping/release/usage.txt
android.support.v4.view.ViewCompat$ICSViewCompatImpl:
    static java.lang.reflect.Field mAccessibilityDelegateField
    1249:1249:public boolean canScrollHorizontally(android.view.View,int)
    1257:1258:public void onPopulateAccessibilityEvent(android.view.View,android.view.accessibility.AccessibilityEvent)
    1261:1262:public void onInitializeAccessibilityEvent(android.view.View,android.view.accessibility.AccessibilityEvent)
    1265:1266:public void onInitializeAccessibilityNodeInfo(android.view.View,android.support.v4.view.accessibility.AccessibilityNodeInfoCompat)
    1276:1293:public boolean hasAccessibilityDelegate(android.view.View)
    1313:1314:public void setFitsSystemWindows(android.view.View,boolean)
android.support.v4.view.ViewCompat$JBViewCompatImpl:
    1327:1327:public boolean hasTransientState(android.view.View)
    1331:1332:public void setHasTransientState(android.view.View,boolean)
    1339:1340:public void postInvalidateOnAnimation(android.view.View,int,int,int,int)
    1351:1351:public int getImportantForAccessibility(android.view.View)
    1358:1362:public void setImportantForAccessibility(android.view.View,int)
    1365:1365:public boolean performAccessibilityAction(android.view.View,int,android.os.Bundle)
    1369:1373:public android.support.v4.view.accessibility.AccessibilityNodeProviderCompat getAccessibilityNodeProvider(android.view.View)
    1378:1378:public android.view.ViewParent getParentForAccessibility(android.view.View)
    1383:1383:public int getMinimumWidth(android.view.View)
    1398:1398:public boolean getFitsSystemWindows(android.view.View)
android.support.v4.view.ViewCompat$JbMr1ViewCompatImpl:
    1411:1411:public int getLabelFor(android.view.View)
    1416:1417:public void setLabelFor(android.view.View,int)
    1421:1422:public void setLayerPaint(android.view.View,android.graphics.Paint)
    1431:1432:public void setLayoutDirection(android.view.View,int)
    1436:1436:public int getPaddingStart(android.view.View)
    1441:1441:public int getPaddingEnd(android.view.View)
    1446:1447:public void setPaddingRelative(android.view.View,int,int,int,int)
    1456:1456:public boolean isPaddingRelative(android.view.View)
android.support.v4.view.ViewCompat$JbMr2ViewCompatImpl:
    1463:1464:public void setClipBounds(android.view.View,android.graphics.Rect)
    1468:1468:public android.graphics.Rect getClipBounds(android.view.View)
android.support.v4.view.ViewCompat$KitKatViewCompatImpl:
    1475:1475:public int getAccessibilityLiveRegion(android.view.View)
    1480:1481:public void setAccessibilityLiveRegion(android.view.View,int)
    1485:1486:public void setImportantForAccessibility(android.view.View,int)